<?xml version="1.0" encoding="UTF-8"?>
<testsuite name="com.example.AppTest" tests="1" skipped="0" failures="0" errors="0" timestamp="2025-06-04T04:06:41.862Z" hostname="DESKTOP-IJJ87F4" time="0.001">
  <properties/>
  <testcase name="testApp" classname="com.example.AppTest" time="0.001"/>
  <system-out><![CDATA[]]></system-out>
  <system-err><![CDATA[]]></system-err>
</testsuite>
